android/app/build/intermediates/manifest_merge_blame_file/debug/manifest-merger-blame-debug-report.txt
1<?xml version="1.0" encoding="utf-8"?>
2<manifest xmlns:android="http://schemas.android.com/apk/res/android"
3    package="com.onebitefoods"
4    android:versionCode="1"
5    android:versionName="1.0" >
6
7    <uses-sdk
8        android:minSdkVersion="21"
9        android:targetSdkVersion="34" />
10
11    <uses-permission android:name="android.permission.INTERNET" />
11-->src\main\AndroidManifest.xml:3:5-67
11-->src\main\AndroidManifest.xml:3:22-64
12    <uses-permission android:name="android.permission.READ_EXTERNAL_STORAGE" />
12-->src\main\AndroidManifest.xml:4:5-80
12-->src\main\AndroidManifest.xml:4:22-77
13    <uses-permission android:name="android.permission.CAMERA" />
13-->src\main\AndroidManifest.xml:5:5-65
13-->src\main\AndroidManifest.xml:5:22-62
14    <uses-permission android:name="android.permission.WRITE_EXTERNAL_STORAGE" />
14-->src\main\AndroidManifest.xml:6:5-80
14-->src\main\AndroidManifest.xml:6:22-78
15    <uses-permission android:name="android.permission.WAKE_LOCK" />
15-->[:react-native-firebase_storage] AndroidManifest.xml:8:5-68
15-->[:react-native-firebase_storage] AndroidManifest.xml:8:22-65
16    <uses-permission android:name="android.permission.ACCESS_NETWORK_STATE" />
16-->[:react-native-firebase_storage] AndroidManifest.xml:9:5-79
16-->[:react-native-firebase_storage] AndroidManifest.xml:9:22-76
17    <!--
18    This manifest file is used only by Gradle to configure debug-only capabilities
19    for React Native Apps.
20    -->
21    <uses-permission android:name="android.permission.SYSTEM_ALERT_WINDOW" />
21-->[com.facebook.react:react-android:0.73.6] AndroidManifest.xml:16:5-78
21-->[com.facebook.react:react-android:0.73.6] AndroidManifest.xml:16:22-75
22    <uses-permission android:name="android.permission.ACCESS_WIFI_STATE" />
22-->[com.facebook.flipper:flipper:0.201.0] AndroidManifest.xml:14:5-76
22-->[com.facebook.flipper:flipper:0.201.0] AndroidManifest.xml:14:22-73
23
24    <permission
24-->[androidx.core:core:1.9.0] AndroidManifest.xml:22:5-24:47
25        android:name="com.onebitefoods.DYNAMIC_RECEIVER_NOT_EXPORTED_PERMISSION"
25-->[androidx.core:core:1.9.0] AndroidManifest.xml:23:9-81
26        android:protectionLevel="signature" />
26-->[androidx.core:core:1.9.0] AndroidManifest.xml:24:9-44
27
28    <uses-permission android:name="com.onebitefoods.DYNAMIC_RECEIVER_NOT_EXPORTED_PERMISSION" />
28-->[androidx.core:core:1.9.0] AndroidManifest.xml:26:5-97
28-->[androidx.core:core:1.9.0] AndroidManifest.xml:26:22-94
29
30    <application
30-->src\main\AndroidManifest.xml:8:5-27:19
31        android:name="com.onebitefoods.MainApplication"
31-->src\main\AndroidManifest.xml:9:7-38
32        android:allowBackup="false"
32-->src\main\AndroidManifest.xml:13:7-34
33        android:appComponentFactory="androidx.core.app.CoreComponentFactory"
33-->[androidx.core:core:1.9.0] AndroidManifest.xml:28:18-86
34        android:debuggable="true"
35        android:extractNativeLibs="true"
36        android:icon="@mipmap/ic_launcher"
36-->src\main\AndroidManifest.xml:11:7-41
37        android:label="@string/app_name"
37-->src\main\AndroidManifest.xml:10:7-39
38        android:roundIcon="@mipmap/ic_launcher_round"
38-->src\main\AndroidManifest.xml:12:7-52
39        android:theme="@style/AppTheme"
39-->src\main\AndroidManifest.xml:14:7-38
40        android:usesCleartextTraffic="true" >
40-->src\debug\AndroidManifest.xml:11:9-44
41        <activity
41-->src\main\AndroidManifest.xml:15:7-26:18
42            android:name="com.onebitefoods.MainActivity"
42-->src\main\AndroidManifest.xml:16:9-37
43            android:configChanges="keyboard|keyboardHidden|orientation|screenLayout|screenSize|smallestScreenSize|uiMode"
43-->src\main\AndroidManifest.xml:18:9-118
44            android:exported="true"
44-->src\main\AndroidManifest.xml:21:9-32
45            android:label="@string/app_name"
45-->src\main\AndroidManifest.xml:17:9-41
46            android:launchMode="singleTask"
46-->src\main\AndroidManifest.xml:19:9-40
47            android:windowSoftInputMode="adjustResize" >
47-->src\main\AndroidManifest.xml:20:9-51
48            <intent-filter>
48-->src\main\AndroidManifest.xml:22:9-25:25
49                <action android:name="android.intent.action.MAIN" />
49-->src\main\AndroidManifest.xml:23:13-65
49-->src\main\AndroidManifest.xml:23:21-62
50
51                <category android:name="android.intent.category.LAUNCHER" />
51-->src\main\AndroidManifest.xml:24:13-73
51-->src\main\AndroidManifest.xml:24:23-70
52            </intent-filter>
53        </activity>
54
55        <meta-data
55-->[:react-native-firebase_app] AndroidManifest.xml:9:9-11:36
56            android:name="app_data_collection_default_enabled"
56-->[:react-native-firebase_app] AndroidManifest.xml:10:13-63
57            android:value="true" />
57-->[:react-native-firebase_app] AndroidManifest.xml:11:13-33
58
59        <service
59-->[:react-native-firebase_app] AndroidManifest.xml:13:9-21:19
60            android:name="com.google.firebase.components.ComponentDiscoveryService"
60-->[:react-native-firebase_app] AndroidManifest.xml:14:13-84
61            android:directBootAware="true"
61-->[:react-native-firebase_app] AndroidManifest.xml:15:13-43
62            android:exported="false" >
62-->[:react-native-firebase_app] AndroidManifest.xml:16:13-37
63            <meta-data
63-->[:react-native-firebase_app] AndroidManifest.xml:18:13-20:85
64                android:name="com.google.firebase.components:io.invertase.firebase.app.ReactNativeFirebaseAppRegistrar"
64-->[:react-native-firebase_app] AndroidManifest.xml:19:17-120
65                android:value="com.google.firebase.components.ComponentRegistrar" />
65-->[:react-native-firebase_app] AndroidManifest.xml:20:17-82
66            <meta-data
66-->[com.google.firebase:firebase-firestore:24.11.1] AndroidManifest.xml:17:13-19:85
67                android:name="com.google.firebase.components:com.google.firebase.firestore.FirebaseFirestoreKtxRegistrar"
67-->[com.google.firebase:firebase-firestore:24.11.1] AndroidManifest.xml:18:17-122
68                android:value="com.google.firebase.components.ComponentRegistrar" />
68-->[com.google.firebase:firebase-firestore:24.11.1] AndroidManifest.xml:19:17-82
69            <meta-data
69-->[com.google.firebase:firebase-firestore:24.11.1] AndroidManifest.xml:20:13-22:85
70                android:name="com.google.firebase.components:com.google.firebase.firestore.FirestoreRegistrar"
70-->[com.google.firebase:firebase-firestore:24.11.1] AndroidManifest.xml:21:17-111
71                android:value="com.google.firebase.components.ComponentRegistrar" />
71-->[com.google.firebase:firebase-firestore:24.11.1] AndroidManifest.xml:22:17-82
72            <meta-data
72-->[com.google.firebase:firebase-storage:20.3.0] AndroidManifest.xml:30:13-32:85
73                android:name="com.google.firebase.components:com.google.firebase.storage.FirebaseStorageKtxRegistrar"
73-->[com.google.firebase:firebase-storage:20.3.0] AndroidManifest.xml:31:17-118
74                android:value="com.google.firebase.components.ComponentRegistrar" />
74-->[com.google.firebase:firebase-storage:20.3.0] AndroidManifest.xml:32:17-82
75            <meta-data
75-->[com.google.firebase:firebase-storage:20.3.0] AndroidManifest.xml:33:13-35:85
76                android:name="com.google.firebase.components:com.google.firebase.storage.StorageRegistrar"
76-->[com.google.firebase:firebase-storage:20.3.0] AndroidManifest.xml:34:17-107
77                android:value="com.google.firebase.components.ComponentRegistrar" />
77-->[com.google.firebase:firebase-storage:20.3.0] AndroidManifest.xml:35:17-82
78            <meta-data
78-->[com.google.firebase:firebase-appcheck:17.1.2] AndroidManifest.xml:25:13-27:85
79                android:name="com.google.firebase.components:com.google.firebase.appcheck.FirebaseAppCheckKtxRegistrar"
79-->[com.google.firebase:firebase-appcheck:17.1.2] AndroidManifest.xml:26:17-120
80                android:value="com.google.firebase.components.ComponentRegistrar" />
80-->[com.google.firebase:firebase-appcheck:17.1.2] AndroidManifest.xml:27:17-82
81            <meta-data
81-->[com.google.firebase:firebase-appcheck:17.1.2] AndroidManifest.xml:28:13-30:85
82                android:name="com.google.firebase.components:com.google.firebase.appcheck.FirebaseAppCheckRegistrar"
82-->[com.google.firebase:firebase-appcheck:17.1.2] AndroidManifest.xml:29:17-117
83                android:value="com.google.firebase.components.ComponentRegistrar" />
83-->[com.google.firebase:firebase-appcheck:17.1.2] AndroidManifest.xml:30:17-82
84            <meta-data
84-->[com.google.firebase:firebase-common-ktx:20.4.3] AndroidManifest.xml:12:13-14:85
85                android:name="com.google.firebase.components:com.google.firebase.ktx.FirebaseCommonLegacyRegistrar"
85-->[com.google.firebase:firebase-common-ktx:20.4.3] AndroidManifest.xml:13:17-116
86                android:value="com.google.firebase.components.ComponentRegistrar" />
86-->[com.google.firebase:firebase-common-ktx:20.4.3] AndroidManifest.xml:14:17-82
87            <meta-data
87-->[com.google.firebase:firebase-common:20.4.3] AndroidManifest.xml:35:13-37:85
88                android:name="com.google.firebase.components:com.google.firebase.FirebaseCommonKtxRegistrar"
88-->[com.google.firebase:firebase-common:20.4.3] AndroidManifest.xml:36:17-109
89                android:value="com.google.firebase.components.ComponentRegistrar" />
89-->[com.google.firebase:firebase-common:20.4.3] AndroidManifest.xml:37:17-82
90        </service>
91
92        <provider
92-->[:react-native-firebase_app] AndroidManifest.xml:23:9-27:38
93            android:name="io.invertase.firebase.app.ReactNativeFirebaseAppInitProvider"
93-->[:react-native-firebase_app] AndroidManifest.xml:24:13-88
94            android:authorities="com.onebitefoods.reactnativefirebaseappinitprovider"
94-->[:react-native-firebase_app] AndroidManifest.xml:25:13-86
95            android:exported="false"
95-->[:react-native-firebase_app] AndroidManifest.xml:26:13-37
96            android:initOrder="99" />
96-->[:react-native-firebase_app] AndroidManifest.xml:27:13-35
97        <provider
97-->[:react-native-image-picker] AndroidManifest.xml:8:9-16:20
98            android:name="com.imagepicker.ImagePickerProvider"
98-->[:react-native-image-picker] AndroidManifest.xml:9:13-63
99            android:authorities="com.onebitefoods.imagepickerprovider"
99-->[:react-native-image-picker] AndroidManifest.xml:10:13-71
100            android:exported="false"
100-->[:react-native-image-picker] AndroidManifest.xml:11:13-37
101            android:grantUriPermissions="true" >
101-->[:react-native-image-picker] AndroidManifest.xml:12:13-47
102            <meta-data
102-->[:react-native-image-picker] AndroidManifest.xml:13:13-15:70
103                android:name="android.support.FILE_PROVIDER_PATHS"
103-->[:react-native-image-picker] AndroidManifest.xml:14:17-67
104                android:resource="@xml/imagepicker_provider_paths" />
104-->[:react-native-image-picker] AndroidManifest.xml:15:17-67
105        </provider>
106
107        <activity
107-->[com.facebook.react:react-android:0.73.6] AndroidManifest.xml:19:9-21:40
108            android:name="com.facebook.react.devsupport.DevSettingsActivity"
108-->[com.facebook.react:react-android:0.73.6] AndroidManifest.xml:20:13-77
109            android:exported="false" />
109-->[com.facebook.react:react-android:0.73.6] AndroidManifest.xml:21:13-37
110        <activity
110-->[com.google.android.gms:play-services-auth:21.0.0] AndroidManifest.xml:23:9-27:75
111            android:name="com.google.android.gms.auth.api.signin.internal.SignInHubActivity"
111-->[com.google.android.gms:play-services-auth:21.0.0] AndroidManifest.xml:24:13-93
112            android:excludeFromRecents="true"
112-->[com.google.android.gms:play-services-auth:21.0.0] AndroidManifest.xml:25:13-46
113            android:exported="false"
113-->[com.google.android.gms:play-services-auth:21.0.0] AndroidManifest.xml:26:13-37
114            android:theme="@android:style/Theme.Translucent.NoTitleBar" />
114-->[com.google.android.gms:play-services-auth:21.0.0] AndroidManifest.xml:27:13-72
115        <!--
116            Service handling Google Sign-In user revocation. For apps that do not integrate with
117            Google Sign-In, this service will never be started.
118        -->
119        <service
119-->[com.google.android.gms:play-services-auth:21.0.0] AndroidManifest.xml:33:9-37:51
120            android:name="com.google.android.gms.auth.api.signin.RevocationBoundService"
120-->[com.google.android.gms:play-services-auth:21.0.0] AndroidManifest.xml:34:13-89
121            android:exported="true"
121-->[com.google.android.gms:play-services-auth:21.0.0] AndroidManifest.xml:35:13-36
122            android:permission="com.google.android.gms.auth.api.signin.permission.REVOCATION_NOTIFICATION"
122-->[com.google.android.gms:play-services-auth:21.0.0] AndroidManifest.xml:36:13-107
123            android:visibleToInstantApps="true" />
123-->[com.google.android.gms:play-services-auth:21.0.0] AndroidManifest.xml:37:13-48
124
125        <provider
125-->[com.google.firebase:firebase-common:20.4.3] AndroidManifest.xml:23:9-28:39
126            android:name="com.google.firebase.provider.FirebaseInitProvider"
126-->[com.google.firebase:firebase-common:20.4.3] AndroidManifest.xml:24:13-77
127            android:authorities="com.onebitefoods.firebaseinitprovider"
127-->[com.google.firebase:firebase-common:20.4.3] AndroidManifest.xml:25:13-72
128            android:directBootAware="true"
128-->[com.google.firebase:firebase-common:20.4.3] AndroidManifest.xml:26:13-43
129            android:exported="false"
129-->[com.google.firebase:firebase-common:20.4.3] AndroidManifest.xml:27:13-37
130            android:initOrder="100" />
130-->[com.google.firebase:firebase-common:20.4.3] AndroidManifest.xml:28:13-36
131
132        <activity
132-->[com.google.android.gms:play-services-base:18.1.0] AndroidManifest.xml:20:9-22:45
133            android:name="com.google.android.gms.common.api.GoogleApiActivity"
133-->[com.google.android.gms:play-services-base:18.1.0] AndroidManifest.xml:20:19-85
134            android:exported="false"
134-->[com.google.android.gms:play-services-base:18.1.0] AndroidManifest.xml:22:19-43
135            android:theme="@android:style/Theme.Translucent.NoTitleBar" />
135-->[com.google.android.gms:play-services-base:18.1.0] AndroidManifest.xml:21:19-78
136
137        <meta-data
137-->[com.google.android.gms:play-services-basement:18.3.0] AndroidManifest.xml:21:9-23:69
138            android:name="com.google.android.gms.version"
138-->[com.google.android.gms:play-services-basement:18.3.0] AndroidManifest.xml:22:13-58
139            android:value="@integer/google_play_services_version" />
139-->[com.google.android.gms:play-services-basement:18.3.0] AndroidManifest.xml:23:13-66
140
141        <provider
141-->[androidx.emoji2:emoji2:1.2.0] AndroidManifest.xml:24:9-32:20
142            android:name="androidx.startup.InitializationProvider"
142-->[androidx.emoji2:emoji2:1.2.0] AndroidManifest.xml:25:13-67
143            android:authorities="com.onebitefoods.androidx-startup"
143-->[androidx.emoji2:emoji2:1.2.0] AndroidManifest.xml:26:13-68
144            android:exported="false" >
144-->[androidx.emoji2:emoji2:1.2.0] AndroidManifest.xml:27:13-37
145            <meta-data
145-->[androidx.emoji2:emoji2:1.2.0] AndroidManifest.xml:29:13-31:52
146                android:name="androidx.emoji2.text.EmojiCompatInitializer"
146-->[androidx.emoji2:emoji2:1.2.0] AndroidManifest.xml:30:17-75
147                android:value="androidx.startup" />
147-->[androidx.emoji2:emoji2:1.2.0] AndroidManifest.xml:31:17-49
148            <meta-data
148-->[androidx.lifecycle:lifecycle-process:2.4.1] AndroidManifest.xml:31:13-33:52
149                android:name="androidx.lifecycle.ProcessLifecycleInitializer"
149-->[androidx.lifecycle:lifecycle-process:2.4.1] AndroidManifest.xml:32:17-78
150                android:value="androidx.startup" />
150-->[androidx.lifecycle:lifecycle-process:2.4.1] AndroidManifest.xml:33:17-49
151        </provider>
152
153        <meta-data
153-->[com.facebook.soloader:soloader:0.10.5] AndroidManifest.xml:12:9-14:37
154            android:name="com.facebook.soloader.enabled"
154-->[com.facebook.soloader:soloader:0.10.5] AndroidManifest.xml:13:13-57
155            android:value="false" />
155-->[com.facebook.soloader:soloader:0.10.5] AndroidManifest.xml:14:13-34
156    </application>
157
158</manifest>